<?xml version="1.0" encoding="UTF-8"?>
<!-- Generated by org.testng.reporters.JUnitReportReporter -->
<testsuite hostname="Omsai" failures="0" tests="1" name="CRMTests.CRMLoginTests" time="20.332" errors="0" timestamp="2020-05-15T20:54:20 PDT" skipped="0">
  <testcase classname="CRMTests.CRMLoginTests" name="loginFun" time="20.332"/>
  <system-out/>
</testsuite> <!-- CRMTests.CRMLoginTests -->
