<?xml version="1.0" encoding="UTF-8"?>
<!-- Generated by org.testng.reporters.JUnitReportReporter -->
<testsuite hostname="Omsai" failures="0" tests="6" name="CRMTests.CRMDashboardCreateEventTest" time="101.875" errors="0" timestamp="2020-05-21T05:00:11 PDT" skipped="5">
  <testcase classname="CRMTests.CRMDashboardCreateEventTest" name="createServiceRequest" time="101.875"/>
  <system-out/>
  <testcase classname="CRMTests.CRMDashboardCreateEventTest" name="createSceheduleShow">
    <skipped/>
  </testcase> <!-- createSceheduleShow -->
  <system-out/>
  <testcase classname="CRMTests.CRMDashboardCreateEventTest" name="createLogShow">
    <skipped/>
  </testcase> <!-- createLogShow -->
  <system-out/>
  <testcase classname="CRMTests.CRMDashboardCreateEventTest" name="createPersonalEvent">
    <skipped/>
  </testcase> <!-- createPersonalEvent -->
  <system-out/>
  <testcase classname="CRMTests.CRMDashboardCreateEventTest" name="createLeadTest">
    <skipped/>
  </testcase> <!-- createLeadTest -->
  <system-out/>
  <testcase classname="CRMTests.CRMDashboardCreateEventTest" name="createOpenHouse">
    <skipped/>
  </testcase> <!-- createOpenHouse -->
  <system-out/>
</testsuite> <!-- CRMTests.CRMDashboardCreateEventTest -->
