<?xml version="1.0" encoding="UTF-8"?>
<!-- Generated by org.testng.reporters.JUnitReportReporter -->
<testsuite hostname="Omsai" failures="0" tests="11" name="CRMTests.CRMDashboardCreateEventTest" time="108.228" errors="0" timestamp="2020-05-27T00:44:16 PDT" skipped="10">
  <testcase classname="CRMTests.CRMDashboardCreateEventTest" name="createPersonalEventForAnotherAgent" time="108.228"/>
  <system-out/>
  <testcase classname="CRMTests.CRMDashboardCreateEventTest" name="createSceheduleShow">
    <skipped/>
  </testcase> <!-- createSceheduleShow -->
  <system-out/>
  <testcase classname="CRMTests.CRMDashboardCreateEventTest" name="createSceheduleShowForexistLead">
    <skipped/>
  </testcase> <!-- createSceheduleShowForexistLead -->
  <system-out/>
  <testcase classname="CRMTests.CRMDashboardCreateEventTest" name="createLogShow">
    <skipped/>
  </testcase> <!-- createLogShow -->
  <system-out/>
  <testcase classname="CRMTests.CRMDashboardCreateEventTest" name="createServiceRequestForExistResident">
    <skipped/>
  </testcase> <!-- createServiceRequestForExistResident -->
  <system-out/>
  <testcase classname="CRMTests.CRMDashboardCreateEventTest" name="createServiceRequest">
    <skipped/>
  </testcase> <!-- createServiceRequest -->
  <system-out/>
  <testcase classname="CRMTests.CRMDashboardCreateEventTest" name="createPersonalEvent">
    <skipped/>
  </testcase> <!-- createPersonalEvent -->
  <system-out/>
  <testcase classname="CRMTests.CRMDashboardCreateEventTest" name="createLogShowForexistLead">
    <skipped/>
  </testcase> <!-- createLogShowForexistLead -->
  <system-out/>
  <testcase classname="CRMTests.CRMDashboardCreateEventTest" name="createLeadTest">
    <skipped/>
  </testcase> <!-- createLeadTest -->
  <system-out/>
  <testcase classname="CRMTests.CRMDashboardCreateEventTest" name="createOpenHouseAnotherAgent">
    <skipped/>
  </testcase> <!-- createOpenHouseAnotherAgent -->
  <system-out/>
  <testcase classname="CRMTests.CRMDashboardCreateEventTest" name="createOpenHouse">
    <skipped/>
  </testcase> <!-- createOpenHouse -->
  <system-out/>
</testsuite> <!-- CRMTests.CRMDashboardCreateEventTest -->
