<?xml version="1.0" encoding="UTF-8"?>
<!-- Generated by org.testng.reporters.JUnitReportReporter -->
<testsuite hostname="Omsai" failures="0" tests="1" name="CRMTests.CRMDashboardTest" time="7.081" errors="0" timestamp="2020-05-13T10:35:10 PDT" skipped="0">
  <testcase classname="CRMTests.CRMDashboardTest" name="createlead" time="7.081"/>
  <system-out/>
</testsuite> <!-- CRMTests.CRMDashboardTest -->
